{"numFailedTestSuites":0,"numFailedTests":0,"numPassedTestSuites":1,"numPassedTests":1,"numPendingTestSuites":0,"numPendingTests":0,"numRuntimeErrorTestSuites":0,"numTodoTests":0,"numTotalTestSuites":1,"numTotalTests":1,"openHandles":[],"snapshot":{"added":0,"didUpdate":false,"failure":false,"filesAdded":0,"filesRemoved":0,"filesRemovedList":[],"filesUnmatched":0,"filesUpdated":0,"matched":0,"total":0,"unchecked":0,"uncheckedKeysByFile":[],"unmatched":0,"updated":0},"startTime":1764506405817,"success":true,"testResults":[{"assertionResults":[{"ancestorTitles":["Supabase Client Initialization"],"duration":24,"failing":false,"failureDetails":[],"failureMessages":[],"fullName":"Supabase Client Initialization should initialize the Supabase client without errors","invocations":1,"location":null,"numPassingAsserts":3,"retryReasons":[],"startAt":1764506407067,"status":"passed","title":"should initialize the Supabase client without errors"}],"endTime":1764506407100,"message":"","name":"/Users/sofiebranstad/Documents/Bachelor IT/IBE160 Programmering med KI/Gruppeoppgave/SG-Awesome-like-KI/tests/integration/supabase.test.ts","startTime":1764506406491,"status":"passed","summary":""}],"wasInterrupted":false,"coverageMap":{"/Users/sofiebranstad/Documents/Bachelor IT/IBE160 Programmering med KI/Gruppeoppgave/SG-Awesome-like-KI/src/lib/supabase.ts":{"path":"/Users/sofiebranstad/Documents/Bachelor IT/IBE160 Programmering med KI/Gruppeoppgave/SG-Awesome-like-KI/src/lib/supabase.ts","statementMap":{"0":{"start":{"line":4,"column":16},"end":{"line":4,"column":null}},"1":{"start":{"line":2,"column":36},"end":{"line":2,"column":null}},"2":{"start":{"line":5,"column":2},"end":{"line":7,"column":null}}},"fnMap":{"0":{"name":"createClient","decl":{"start":{"line":4,"column":16},"end":{"line":4,"column":null}},"loc":{"start":{"line":4,"column":16},"end":{"line":9,"column":null}}}},"branchMap":{},"s":{"0":1,"1":1,"2":1},"f":{"0":1},"b":{}}}}
